<?xml version="1.0" encoding="UTF-8"?>
<!-- Generated by org.testng.reporters.JUnitReportReporter -->
<testsuite hostname="LAPTOP-GBGPV52R" failures="0" tests="5" name="testCases.tc_003TestCase" time="44.718" errors="0" timestamp="2024-02-08T11:28:21 IST" skipped="0">
  <testcase classname="testCases.tc_003TestCase" name="test_LoginDDT" time="10.850"/>
  <system-out/>
  <testcase classname="testCases.tc_003TestCase" name="test_LoginDDT" time="10.713"/>
  <system-out/>
  <testcase classname="testCases.tc_003TestCase" name="test_LoginDDT" time="10.805"/>
  <system-out/>
  <testcase classname="testCases.tc_003TestCase" name="test_LoginDDT" time="1.318"/>
  <system-out/>
  <testcase classname="testCases.tc_003TestCase" name="test_LoginDDT" time="11.032"/>
  <system-out/>
</testsuite> <!-- testCases.tc_003TestCase -->
