<?xml version="1.0" encoding="UTF-8"?>
<!-- Generated by org.testng.reporters.JUnitReportReporter -->
<testsuite hostname="LAPTOP-GBGPV52R" failures="0" tests="1" name="testCases.tc_002TestCaseLogin" time="1.168" errors="0" timestamp="2023-12-11T15:37:38 IST" skipped="0">
  <testcase classname="testCases.tc_002TestCaseLogin" name="test_login" time="1.168"/>
  <system-out/>
</testsuite> <!-- testCases.tc_002TestCaseLogin -->
