<?xml version="1.0" encoding="UTF-8"?>
<!-- Generated by org.testng.reporters.JUnitReportReporter -->
<testsuite hostname="LAPTOP-GBGPV52R" failures="0" tests="1" name="testCases.tc_002LogoutBrowserSupport" time="4.260" errors="0" timestamp="2024-01-26T19:34:18 IST" skipped="0">
  <testcase classname="testCases.tc_002LogoutBrowserSupport" name="setup" time="4.260"/>
  <system-out/>
</testsuite> <!-- testCases.tc_002LogoutBrowserSupport -->
