<?xml version="1.0" encoding="UTF-8"?>
<!-- Generated by org.testng.reporters.JUnitReportReporter -->
<testsuite hostname="LAPTOP-GBGPV52R" failures="0" tests="3" name="testCases.tc_004TestCaseLogout" time="1.507" errors="0" timestamp="2024-02-07T12:39:25 IST" skipped="0">
  <testcase classname="testCases.tc_004TestCaseLogout" name="HomeFunctionality" time="0.372"/>
  <system-out/>
  <testcase classname="testCases.tc_004TestCaseLogout" name="LoginFunctionality" time="0.441"/>
  <system-out/>
  <testcase classname="testCases.tc_004TestCaseLogout" name="Logout" time="0.694"/>
  <system-out/>
</testsuite> <!-- testCases.tc_004TestCaseLogout -->
