<?xml version="1.0" encoding="UTF-8"?>
<!-- Generated by org.testng.reporters.JUnitReportReporter -->
<testsuite hostname="LAPTOP-GBGPV52R" failures="0" tests="2" name="testCases.tc_005TestCaseLogoutFunctionality" time="6.066" errors="0" timestamp="2024-02-07T12:39:25 IST" skipped="0">
  <testcase classname="testCases.tc_005TestCaseLogoutFunctionality" name="HomPage" time="0.597"/>
  <system-out/>
  <testcase classname="testCases.tc_005TestCaseLogoutFunctionality" name="Login" time="5.469"/>
  <system-out/>
</testsuite> <!-- testCases.tc_005TestCaseLogoutFunctionality -->
