<?xml version="1.0" encoding="UTF-8"?>
<!-- Generated by org.testng.reporters.JUnitReportReporter -->
<testsuite hostname="LAPTOP-GBGPV52R" failures="0" tests="1" name="testCases.tc_007TestCaseSearchProduct" time="0.847" errors="0" timestamp="2024-02-08T11:37:45 IST" skipped="0">
  <testcase classname="testCases.tc_007TestCaseSearchProduct" name="Search" time="0.847"/>
  <system-out/>
</testsuite> <!-- testCases.tc_007TestCaseSearchProduct -->
