<?xml version="1.0" encoding="UTF-8"?>
<!-- Generated by org.testng.reporters.JUnitReportReporter -->
<testsuite hostname="LAPTOP-GBGPV52R" failures="0" tests="1" name="testCases.tc_001TestcaseRegistrationPage" time="19.005" errors="0" timestamp="2023-12-12T10:26:59 IST" skipped="0">
  <testcase classname="testCases.tc_001TestcaseRegistrationPage" name="test_account_Registration" time="19.005"/>
</testsuite> <!-- testCases.tc_001TestcaseRegistrationPage -->
